<?xml version="1.0" encoding="UTF-8"?>
<!-- Generated by org.testng.reporters.JUnitReportReporter -->
<testsuite hostname="CSCO-W-PF34LW30" failures="0" tests="5" name="com.listeners.FlightBooking" time="2.654" errors="0" timestamp="2022-04-03T20:54:54 IST" skipped="0">
  <testcase classname="com.listeners.FlightBooking" name="Clicks_signup" time="0.383"/>
  <system-out/>
  <testcase classname="com.listeners.FlightBooking" name="Flight_Booking_Details" time="0.339"/>
  <system-out/>
  <testcase classname="com.listeners.FlightBooking" name="login_successfully" time="0.141"/>
  <system-out/>
  <testcase classname="com.listeners.FlightBooking" name="Registrationpage" time="1.707"/>
  <system-out/>
  <testcase classname="com.listeners.FlightBooking" name="homepage" time="0.084"/>
  <system-out/>
</testsuite> <!-- com.listeners.FlightBooking -->
